  [1m[35m (245.3ms)[0m  [1m[35mCREATE DATABASE "tbd_app_api_development" ENCODING = 'unicode'[0m
  [1m[35m (75.4ms)[0m  [1m[35mCREATE DATABASE "tbd_app_api_test" ENCODING = 'unicode'[0m
  [1m[35m (12.5ms)[0m  [1m[35mCREATE TABLE "schema_migrations" ("version" character varying NOT NULL PRIMARY KEY)[0m
  [1m[35m (6.9ms)[0m  [1m[35mCREATE TABLE "ar_internal_metadata" ("key" character varying NOT NULL PRIMARY KEY, "value" character varying, "created_at" timestamp(6) NOT NULL, "updated_at" timestamp(6) NOT NULL)[0m
  [1m[35m (0.9ms)[0m  [1m[34mSELECT pg_try_advisory_lock(8066233597470013665)[0m
  [1m[35m (0.9ms)[0m  [1m[34mSELECT "schema_migrations"."version" FROM "schema_migrations" ORDER BY "schema_migrations"."version" ASC[0m
Migrating to CreateAdvices (20200810191823)
  [1m[35m (0.2ms)[0m  [1m[35mBEGIN[0m
  [1m[35m (8.5ms)[0m  [1m[35mCREATE TABLE "advices" ("id" bigserial primary key, "name" character varying, "advice" character varying, "created_at" timestamp(6) NOT NULL, "updated_at" timestamp(6) NOT NULL)[0m
  [1m[36mprimary::SchemaMigration Create (0.7ms)[0m  [1m[32mINSERT INTO "schema_migrations" ("version") VALUES ($1) RETURNING "version"[0m  [["version", "20200810191823"]]
  [1m[35m (4.9ms)[0m  [1m[35mCOMMIT[0m
  [1m[36mActiveRecord::InternalMetadata Load (0.3ms)[0m  [1m[34mSELECT "ar_internal_metadata".* FROM "ar_internal_metadata" WHERE "ar_internal_metadata"."key" = $1 LIMIT $2[0m  [["key", "environment"], ["LIMIT", 1]]
  [1m[35m (0.2ms)[0m  [1m[35mBEGIN[0m
  [1m[36mActiveRecord::InternalMetadata Create (1.4ms)[0m  [1m[32mINSERT INTO "ar_internal_metadata" ("key", "value", "created_at", "updated_at") VALUES ($1, $2, $3, $4) RETURNING "key"[0m  [["key", "environment"], ["value", "development"], ["created_at", "2020-08-10 19:41:36.980660"], ["updated_at", "2020-08-10 19:41:36.980660"]]
  [1m[35m (0.3ms)[0m  [1m[35mCOMMIT[0m
  [1m[35m (0.3ms)[0m  [1m[34mSELECT pg_advisory_unlock(8066233597470013665)[0m
  [1m[35m (1.2ms)[0m  [1m[34mSELECT "schema_migrations"."version" FROM "schema_migrations" ORDER BY "schema_migrations"."version" ASC[0m
  [1m[35m (2.2ms)[0m  [1m[34mSELECT "schema_migrations"."version" FROM "schema_migrations" ORDER BY "schema_migrations"."version" ASC[0m
  [1m[35m (0.7ms)[0m  [1m[34mSELECT "schema_migrations"."version" FROM "schema_migrations" ORDER BY "schema_migrations"."version" ASC[0m
  [1m[35m (0.2ms)[0m  [1m[35mBEGIN[0m
  [1m[36mAdvice Create (2.3ms)[0m  [1m[32mINSERT INTO "advices" ("name", "advice", "created_at", "updated_at") VALUES ($1, $2, $3, $4) RETURNING "id"[0m  [["name", "Mom"], ["advice", "Choose to love each other, even in those moments when you struggle to like each other. Love is a commitment, not a feeling."], ["created_at", "2020-08-10 20:09:30.259331"], ["updated_at", "2020-08-10 20:09:30.259331"]]
  [1m[35m (0.3ms)[0m  [1m[35mCOMMIT[0m
  [1m[35m (0.1ms)[0m  [1m[35mBEGIN[0m
  [1m[36mAdvice Create (0.3ms)[0m  [1m[32mINSERT INTO "advices" ("name", "advice", "created_at", "updated_at") VALUES ($1, $2, $3, $4) RETURNING "id"[0m  [["name", "Dad"], ["advice", "Make time together a priority. Budget for a consistent date night. Time is the 'currency of relationships,' so consistently invest time into your marriage."], ["created_at", "2020-08-10 20:09:30.265033"], ["updated_at", "2020-08-10 20:09:30.265033"]]
  [1m[35m (0.2ms)[0m  [1m[35mCOMMIT[0m
  [1m[35m (0.1ms)[0m  [1m[35mBEGIN[0m
  [1m[36mAdvice Create (0.3ms)[0m  [1m[32mINSERT INTO "advices" ("name", "advice", "created_at", "updated_at") VALUES ($1, $2, $3, $4) RETURNING "id"[0m  [["name", "Chenae"], ["advice", "Surround yourself with friends who will strengthen your marriage. Remove yourself from people who may tempt you to compromise your character."], ["created_at", "2020-08-10 20:09:30.267938"], ["updated_at", "2020-08-10 20:09:30.267938"]]
  [1m[35m (0.3ms)[0m  [1m[35mCOMMIT[0m
  [1m[35m (0.1ms)[0m  [1m[35mBEGIN[0m
  [1m[36mAdvice Create (0.3ms)[0m  [1m[32mINSERT INTO "advices" ("name", "advice", "created_at", "updated_at") VALUES ($1, $2, $3, $4) RETURNING "id"[0m  [["name", "Sharifa"], ["advice", "Give your best to each other, not your leftovers after you've given your best to everyone else."], ["created_at", "2020-08-10 20:09:30.270951"], ["updated_at", "2020-08-10 20:09:30.270951"]]
  [1m[35m (0.2ms)[0m  [1m[35mCOMMIT[0m
  [1m[35m (0.1ms)[0m  [1m[35mBEGIN[0m
  [1m[36mAdvice Create (0.2ms)[0m  [1m[32mINSERT INTO "advices" ("name", "advice", "created_at", "updated_at") VALUES ($1, $2, $3, $4) RETURNING "id"[0m  [["name", "Kelsey"], ["advice", "Be your spouse's biggest encourager, not his/her biggest critic. Be the one who wipes away their tears, not the one who causes them."], ["created_at", "2020-08-10 20:09:30.274019"], ["updated_at", "2020-08-10 20:09:30.274019"]]
  [1m[35m (0.3ms)[0m  [1m[35mCOMMIT[0m
  [1m[35m (0.1ms)[0m  [1m[35mBEGIN[0m
  [1m[36mAdvice Create (0.3ms)[0m  [1m[32mINSERT INTO "advices" ("name", "advice", "created_at", "updated_at") VALUES ($1, $2, $3, $4) RETURNING "id"[0m  [["name", "Marcelyn"], ["advice", "Never talk badly about your spouse to other people or vent about them online. Protect your spouse at all times and in all places."], ["created_at", "2020-08-10 20:09:30.277301"], ["updated_at", "2020-08-10 20:09:30.277301"]]
  [1m[35m (0.2ms)[0m  [1m[35mCOMMIT[0m
  [1m[36mAdvice Load (2.8ms)[0m  [1m[34mSELECT "advices".* FROM "advices"[0m
Started GET "/advice" for ::1 at 2020-08-10 16:19:06 -0400
  [1m[35m (0.9ms)[0m  [1m[34mSELECT "schema_migrations"."version" FROM "schema_migrations" ORDER BY "schema_migrations"."version" ASC[0m
  
ActionController::RoutingError (No route matches [GET] "/advice"):
  
actionpack (6.0.3.2) lib/action_dispatch/middleware/debug_exceptions.rb:36:in `call'
actionpack (6.0.3.2) lib/action_dispatch/middleware/show_exceptions.rb:33:in `call'
railties (6.0.3.2) lib/rails/rack/logger.rb:37:in `call_app'
railties (6.0.3.2) lib/rails/rack/logger.rb:26:in `block in call'
activesupport (6.0.3.2) lib/active_support/tagged_logging.rb:80:in `block in tagged'
activesupport (6.0.3.2) lib/active_support/tagged_logging.rb:28:in `tagged'
activesupport (6.0.3.2) lib/active_support/tagged_logging.rb:80:in `tagged'
railties (6.0.3.2) lib/rails/rack/logger.rb:26:in `call'
actionpack (6.0.3.2) lib/action_dispatch/middleware/remote_ip.rb:81:in `call'
actionpack (6.0.3.2) lib/action_dispatch/middleware/request_id.rb:27:in `call'
rack (2.2.3) lib/rack/runtime.rb:22:in `call'
activesupport (6.0.3.2) lib/active_support/cache/strategy/local_cache_middleware.rb:29:in `call'
actionpack (6.0.3.2) lib/action_dispatch/middleware/executor.rb:14:in `call'
actionpack (6.0.3.2) lib/action_dispatch/middleware/static.rb:126:in `call'
rack (2.2.3) lib/rack/sendfile.rb:110:in `call'
actionpack (6.0.3.2) lib/action_dispatch/middleware/host_authorization.rb:82:in `call'
rack-cors (1.1.1) lib/rack/cors.rb:100:in `call'
railties (6.0.3.2) lib/rails/engine.rb:527:in `call'
puma (4.3.5) lib/puma/configuration.rb:228:in `call'
puma (4.3.5) lib/puma/server.rb:713:in `handle_request'
puma (4.3.5) lib/puma/server.rb:472:in `process_client'
puma (4.3.5) lib/puma/server.rb:328:in `block in run'
puma (4.3.5) lib/puma/thread_pool.rb:134:in `block in spawn_thread'
Started GET "/advices" for ::1 at 2020-08-10 16:19:11 -0400
Processing by AdvicesController#index as HTML
  [1m[36mAdvice Load (0.6ms)[0m  [1m[34mSELECT "advices".* FROM "advices"[0m
  ↳ app/controllers/advices_controller.rb:8:in `index'
Completed 200 OK in 16ms (Views: 7.0ms | ActiveRecord: 6.9ms | Allocations: 4987)


Started GET "/advices" for ::1 at 2020-08-10 16:21:26 -0400
Processing by AdvicesController#index as */*
  Parameters: {"song"=>{"title"=>"rolling In the deep", "artist"=>"adele", "duration"=>"3:29", "favorite"=>"true"}}
  [1m[36mAdvice Load (0.4ms)[0m  [1m[34mSELECT "advices".* FROM "advices"[0m
  ↳ app/controllers/advices_controller.rb:8:in `index'
Completed 200 OK in 3ms (Views: 2.1ms | ActiveRecord: 0.4ms | Allocations: 1494)


Started POST "/advices" for ::1 at 2020-08-10 16:22:43 -0400
Processing by AdvicesController#create as */*
  Parameters: {"advice"=>{"name"=>"bri", "advice"=>"have fun"}}
  [1m[35m (0.2ms)[0m  [1m[35mBEGIN[0m
  ↳ app/controllers/advices_controller.rb:20:in `create'
  [1m[36mAdvice Create (0.6ms)[0m  [1m[32mINSERT INTO "advices" ("name", "advice", "created_at", "updated_at") VALUES ($1, $2, $3, $4) RETURNING "id"[0m  [["name", "bri"], ["advice", "have fun"], ["created_at", "2020-08-10 20:22:43.011242"], ["updated_at", "2020-08-10 20:22:43.011242"]]
  ↳ app/controllers/advices_controller.rb:20:in `create'
  [1m[35m (0.4ms)[0m  [1m[35mCOMMIT[0m
  ↳ app/controllers/advices_controller.rb:20:in `create'
Completed 201 Created in 5ms (Views: 0.6ms | ActiveRecord: 1.2ms | Allocations: 2764)


Started GET "/advices" for ::1 at 2020-08-10 16:22:49 -0400
Processing by AdvicesController#index as HTML
  [1m[36mAdvice Load (0.4ms)[0m  [1m[34mSELECT "advices".* FROM "advices"[0m
  ↳ app/controllers/advices_controller.rb:8:in `index'
Completed 200 OK in 3ms (Views: 2.5ms | ActiveRecord: 0.4ms | Allocations: 1579)


Started PUT "/advices/7" for ::1 at 2020-08-10 16:23:36 -0400
Processing by AdvicesController#update as */*
  Parameters: {"advice"=>{"advice"=>"have fun and enjoy"}, "id"=>"7"}
  [1m[36mAdvice Load (0.3ms)[0m  [1m[34mSELECT "advices".* FROM "advices" WHERE "advices"."id" = $1 LIMIT $2[0m  [["id", 7], ["LIMIT", 1]]
  ↳ app/controllers/advices_controller.rb:44:in `set_advice'
  [1m[35m (0.1ms)[0m  [1m[35mBEGIN[0m
  ↳ app/controllers/advices_controller.rb:29:in `update'
  [1m[36mAdvice Update (9.1ms)[0m  [1m[33mUPDATE "advices" SET "advice" = $1, "updated_at" = $2 WHERE "advices"."id" = $3[0m  [["advice", "have fun and enjoy"], ["updated_at", "2020-08-10 20:23:36.569416"], ["id", 7]]
  ↳ app/controllers/advices_controller.rb:29:in `update'
  [1m[35m (3.9ms)[0m  [1m[35mCOMMIT[0m
  ↳ app/controllers/advices_controller.rb:29:in `update'
Completed 200 OK in 34ms (Views: 0.3ms | ActiveRecord: 13.7ms | Allocations: 4574)


Started GET "/advices" for ::1 at 2020-08-10 16:23:45 -0400
Processing by AdvicesController#index as HTML
  [1m[36mAdvice Load (0.4ms)[0m  [1m[34mSELECT "advices".* FROM "advices"[0m
  ↳ app/controllers/advices_controller.rb:8:in `index'
Completed 200 OK in 3ms (Views: 2.1ms | ActiveRecord: 0.4ms | Allocations: 1579)


Started DELETE "/advices/7" for ::1 at 2020-08-10 16:24:02 -0400
Processing by AdvicesController#destroy as */*
  Parameters: {"advice"=>{"advice"=>"have fun and enjoy"}, "id"=>"7"}
  [1m[36mAdvice Load (0.9ms)[0m  [1m[34mSELECT "advices".* FROM "advices" WHERE "advices"."id" = $1 LIMIT $2[0m  [["id", 7], ["LIMIT", 1]]
  ↳ app/controllers/advices_controller.rb:44:in `set_advice'
  [1m[35m (0.1ms)[0m  [1m[35mBEGIN[0m
  ↳ app/controllers/advices_controller.rb:38:in `destroy'
  [1m[36mAdvice Destroy (0.4ms)[0m  [1m[31mDELETE FROM "advices" WHERE "advices"."id" = $1[0m  [["id", 7]]
  ↳ app/controllers/advices_controller.rb:38:in `destroy'
  [1m[35m (0.4ms)[0m  [1m[35mCOMMIT[0m
  ↳ app/controllers/advices_controller.rb:38:in `destroy'
Completed 204 No Content in 6ms (ActiveRecord: 1.8ms | Allocations: 2432)


Started GET "/advices" for ::1 at 2020-08-10 16:24:06 -0400
Processing by AdvicesController#index as HTML
  [1m[36mAdvice Load (0.5ms)[0m  [1m[34mSELECT "advices".* FROM "advices"[0m
  ↳ app/controllers/advices_controller.rb:8:in `index'
Completed 200 OK in 3ms (Views: 2.3ms | ActiveRecord: 0.5ms | Allocations: 1472)


